(1,2) 1
(2,1) 1
(1,3) 2
(2,2) 2
(3,1) 2
(1,4) 3
(2,3) 3
(3,2) 3
(4,1) 3
(1,5) 4
(2,4) 4
(3,3) 4
(4,2) 4
(5,1) 4
(1,6) 5
(2,5) 5
(3,4) 5
(4,3) 5
(5,2) 5
(6,1) 5
(1,7) 6
(2,6) 6
(3,5) 6
(4,4) 6
(5,3) 6
(6,2) 6
(7,1) 6
(1,8) 7
(2,7) 7
(3,6) 7
(4,5) 7
(5,4) 7
(6,3) 7
(7,2) 7
(8,1) 7
(1,9) 8
(2,8) 8
(3,7) 8
(4,6) 8
(5,5) 8
(6,4) 8
(7,3) 8
(8,2) 8
(9,1) 8
(1,10) 9
(2,9) 9
(3,8) 9
(4,7) 9
(5,6) 9
(6,5) 9
(7,4) 9
(8,3) 9
(9,2) 9
(10,1) 9
(1,11) 10
(2,10) 10
(3,9) 10
(4,8) 10
(5,7) 10
(6,6) 10
(7,5) 10
(8,4) 10
(9,3) 10
(10,2) 10
(11,1) 10
(1,12) 11
(2,11) 11
(3,10) 11
(4,9) 11
(5,8) 11
(6,7) 11
(7,6) 11
(8,5) 11
(9,4) 11
(10,3) 11
(11,2) 11
(12,1) 11
(1,13) 12
(2,12) 12
(3,11) 12
(4,10) 12
(5,9) 12
(6,8) 12
(7,7) 12
(8,6) 12
(9,5) 12
(10,4) 12
(11,3) 12
(12,2) 12
(13,1) 12
(1,14) 13
(2,13) 13
(3,12) 13
(4,11) 13
(5,10) 13
(6,9) 13
(7,8) 13
(8,7) 13
(9,6) 13
(10,5) 13
(11,4) 13
(12,3) 13
(13,2) 13
(14,1) 13
(1,15) 14
(2,14) 14
(3,13) 14
(4,12) 14
(5,11) 14
(6,10) 14
(7,9) 14
(8,8) 14
(9,7) 14
(10,6) 14
(11,5) 14
(12,4) 14
(13,3) 14
(14,2) 14
(15,1) 14
(1,16) 15
(2,15) 15
(3,14) 15
(4,13) 15
(5,12) 15
(6,11) 15
(7,10) 15
(8,9) 15
(9,8) 15
(10,7) 15
(11,6) 15
(12,5) 15
(13,4) 15
(14,3) 15
(15,2) 15
(16,1) 15
(1,17) 16
(2,16) 16
(3,15) 16
(4,14) 16
(5,13) 16
(6,12) 16
(7,11) 16
(8,10) 16
(9,9) 16
(10,8) 16
(11,7) 16
(12,6) 16
(13,5) 16
(14,4) 16
(15,3) 16
(16,2) 16
(17,1) 16
(1,18) 17
(2,17) 17
(3,16) 17
(4,15) 17
(5,14) 17
(6,13) 17
(7,12) 17
(8,11) 17
(9,10) 17
(10,9) 17
(11,8) 17
(12,7) 17
(13,6) 17
(14,5) 17
(15,4) 17
(16,3) 17
(17,2) 17
(18,1) 17
(1,19) 18
(2,18) 18
(3,17) 18
(4,16) 18
(5,15) 18
(6,14) 18
(7,13) 18
(8,12) 18
(9,11) 18
(10,10) 18
(11,9) 18
(12,8) 18
(13,7) 18
(14,6) 18
(15,5) 18
(16,4) 18
(17,3) 18
(18,2) 18
(19,1) 18
(1,20) 19
(2,19) 19
(3,18) 19
(4,17) 19
(5,16) 19
(6,15) 19
(7,14) 19
(8,13) 19
(9,12) 19
(10,11) 19
(11,10) 19
(12,9) 19
(13,8) 19
(14,7) 19
(15,6) 19
(16,5) 19
(17,4) 19
(18,3) 19
(19,2) 19
(20,1) 19
(1,21) 20
(2,20) 20
(3,19) 20
(4,18) 20
(5,17) 20
(6,16) 20
(7,15) 20
(8,14) 20
(9,13) 20
(10,12) 20
(11,11) 20
(12,10) 20
(13,9) 20
(14,8) 20
(15,7) 20
(16,6) 20
(17,5) 20
(18,4) 20
(19,3) 20
(20,2) 20
(21,1) 20
(1,22) 21
(2,21) 21
(3,20) 21
(4,19) 21
(5,18) 21
(6,17) 21
(7,16) 21
(8,15) 21
(9,14) 21
(10,13) 21
(11,12) 21
(12,11) 21
(13,10) 21
(14,9) 21
(15,8) 21
(16,7) 21
(17,6) 21
(18,5) 21
(19,4) 21
(20,3) 21
(21,2) 21
(22,1) 21
(1,23) 22
(2,22) 22
(3,21) 22
(4,20) 22
(5,19) 22
(6,18) 22
(7,17) 22
(8,16) 22
(9,15) 22
(10,14) 22
(11,13) 22
(12,12) 22
(13,11) 22
(14,10) 22
(15,9) 22
(16,8) 22
(17,7) 22
(18,6) 22
(19,5) 22
(20,4) 22
(21,3) 22
(22,2) 22
(23,1) 22
(1,24) 23
(2,23) 23
(3,22) 23
(4,21) 23
(5,20) 23
(6,19) 23
(7,18) 23
(8,17) 23
(9,16) 23
(10,15) 23
(11,14) 23
(12,13) 23
(13,12) 23
(14,11) 23
(15,10) 23
(16,9) 23
(17,8) 23
(18,7) 23
(19,6) 23
(20,5) 23
(21,4) 23
(22,3) 23
(23,2) 23
(24,1) 23
(1,25) 24
(2,24) 24
(3,23) 24
(4,22) 24
(5,21) 24
(6,20) 24
(7,19) 24
(8,18) 24
(9,17) 24
(10,16) 24
(11,15) 24
(12,14) 24
(13,13) 24
(14,12) 24
(15,11) 24
(16,10) 24
(17,9) 24
(18,8) 24
(19,7) 24
(20,6) 24
(21,5) 24
(22,4) 24
(23,3) 24
(24,2) 24
(25,1) 24
(1,26) 25
(2,25) 25
(3,24) 25
(4,23) 25
(5,22) 25
(6,21) 25
(7,20) 25
(8,19) 25
(9,18) 25
(10,17) 25
(11,16) 25
(12,15) 25
(13,14) 25
(14,13) 25
(15,12) 25
(16,11) 25
(17,10) 25
(18,9) 25
(19,8) 25
(20,7) 25
(21,6) 25
(22,5) 25
(23,4) 25
(24,3) 25
(25,2) 25
(26,1) 25
(1,27) 26
(2,26) 26
(3,25) 26
(4,24) 26
(5,23) 26
(6,22) 26
(7,21) 26
(8,20) 26
(9,19) 26
(10,18) 26
(11,17) 26
(12,16) 26
(13,15) 26
(14,14) 26
(15,13) 26
(16,12) 26
(17,11) 26
(18,10) 26
(19,9) 26
(20,8) 26
(21,7) 26
(22,6) 26
(23,5) 26
(24,4) 26
(25,3) 26
(26,2) 26
(27,1) 26
(1,28) 27
(2,27) 27
(3,26) 27
(4,25) 27
(5,24) 27
(6,23) 27
(7,22) 27
(8,21) 27
(9,20) 27
(10,19) 27
(11,18) 27
(12,17) 27
(13,16) 27
(14,15) 27
(15,14) 27
(16,13) 27
(17,12) 27
(18,11) 27
(19,10) 27
(20,9) 27
(21,8) 27
(22,7) 27
(23,6) 27
(24,5) 27
(25,4) 27
(26,3) 27
(27,2) 27
(28,1) 27
(1,29) 28
(2,28) 28
(3,27) 28
(4,26) 28
(5,25) 28
(6,24) 28
(7,23) 28
(8,22) 28
(9,21) 28
(10,20) 28
(11,19) 28
(12,18) 28
(13,17) 28
(14,16) 28
(15,15) 28
(16,14) 28
(17,13) 28
(18,12) 28
(19,11) 28
(20,10) 28
(21,9) 28
(22,8) 28
(23,7) 28
(24,6) 28
(25,5) 28
(26,4) 28
(27,3) 28
(28,2) 28
(29,1) 28
(1,30) 29
(2,29) 29
(3,28) 29
(4,27) 29
(5,26) 29
(6,25) 29
(7,24) 29
(8,23) 29
(9,22) 29
(10,21) 29
(11,20) 29
(12,19) 29
(13,18) 29
(14,17) 29
(15,16) 29
(16,15) 29
(17,14) 29
(18,13) 29
(19,12) 29
(20,11) 29
(21,10) 29
(22,9) 29
(23,8) 29
(24,7) 29
(25,6) 29
(26,5) 29
(27,4) 29
(28,3) 29
(29,2) 29
(30,1) 29
(1,31) 30
(2,30) 30
(3,29) 30
(4,28) 30
(5,27) 30
(6,26) 30
(7,25) 30
(8,24) 30
(9,23) 30
(10,22) 30
(11,21) 30
(12,20) 30
(13,19) 30
(14,18) 30
(15,17) 30
(16,16) 30
(17,15) 30
(18,14) 30
(19,13) 30
(20,12) 30
(21,11) 30
(22,10) 30
(23,9) 30
(24,8) 30
(25,7) 30
(26,6) 30
(27,5) 30
(28,4) 30
(29,3) 30
(30,2) 30
(31,1) 30
(1,32) 31
(2,31) 31
(3,30) 31
(4,29) 31
(5,28) 31
(6,27) 31
(7,26) 31
(8,25) 31
(9,24) 31
(10,23) 31
(11,22) 31
(12,21) 31
(13,20) 31
(14,19) 31
(15,18) 31
(16,17) 31
(17,16) 31
(18,15) 31
(19,14) 31
(20,13) 31
(21,12) 31
(22,11) 31
(23,10) 31
(24,9) 31
(25,8) 31
(26,7) 31
(27,6) 31
(28,5) 31
(29,4) 31
(30,3) 31
(31,2) 31
(32,1) 31
(1,33) 32
(2,32) 32
(3,31) 32
(4,30) 32
(5,29) 32
(6,28) 32
(7,27) 32
(8,26) 32
(9,25) 32
(10,24) 32
(11,23) 32
(12,22) 32
(13,21) 32
(14,20) 32
(15,19) 32
(16,18) 32
(17,17) 32
(18,16) 32
(19,15) 32
(20,14) 32
(21,13) 32
(22,12) 32
(23,11) 32
(24,10) 32
(25,9) 32
(26,8) 32
(27,7) 32
(28,6) 32
(29,5) 32
(30,4) 32
(31,3) 32
(32,2) 32
(33,1) 32
(1,34) 33
(2,33) 33
(3,32) 33
(4,31) 33
(5,30) 33
(6,29) 33
(7,28) 33
(8,27) 33
(9,26) 33
(10,25) 33
(11,24) 33
(12,23) 33
(13,22) 33
(14,21) 33
(15,20) 33
(16,19) 33
(17,18) 33
(18,17) 33
(19,16) 33
(20,15) 33
(21,14) 33
(22,13) 33
(23,12) 33
(24,11) 33
(25,10) 33
(26,9) 33
(27,8) 33
(28,7) 33
(29,6) 33
(30,5) 33
(31,4) 33
(32,3) 33
(33,2) 33
(34,1) 33
(1,35) 34
(2,34) 34
(3,33) 34
(4,32) 34
(5,31) 34
(6,30) 34
(7,29) 34
(8,28) 34
(9,27) 34
(10,26) 34
(11,25) 34
(12,24) 34
(13,23) 34
(14,22) 34
(15,21) 34
(16,20) 34
(17,19) 34
(18,18) 34
(19,17) 34
(20,16) 34
(21,15) 34
(22,14) 34
(23,13) 34
(24,12) 34
(25,11) 34
(26,10) 34
(27,9) 34
(28,8) 34
(29,7) 34
(30,6) 34
(31,5) 34
(32,4) 34
(33,3) 34
(34,2) 34
(35,1) 34
(1,36) 35
(2,35) 35
(3,34) 35
(4,33) 35
(5,32) 35
(6,31) 35
(7,30) 35
(8,29) 35
(9,28) 35
(10,27) 35
(11,26) 35
(12,25) 35
(13,24) 35
(14,23) 35
(15,22) 35
(16,21) 35
(17,20) 35
(18,19) 35
(19,18) 35
(20,17) 35
(21,16) 35
(22,15) 35
(23,14) 35
(24,13) 35
(25,12) 35
(26,11) 35
(27,10) 35
(28,9) 35
(29,8) 35
(30,7) 35
(31,6) 35
(32,5) 35
(33,4) 35
(34,3) 35
(35,2) 35
(36,1) 35
(1,37) 36
(2,36) 36
(3,35) 36
(4,34) 36
(5,33) 36
(6,32) 36
(7,31) 36
(8,30) 36
(9,29) 36
(10,28) 36
(11,27) 36
(12,26) 36
(13,25) 36
(14,24) 36
(15,23) 36
(16,22) 36
(17,21) 36
(18,20) 36
(19,19) 36
(20,18) 36
(21,17) 36
(22,16) 36
(23,15) 36
(24,14) 36
(25,13) 36
(26,12) 36
(27,11) 36
(28,10) 36
(29,9) 36
(30,8) 36
(31,7) 36
(32,6) 36
(33,5) 36
(34,4) 36
(35,3) 36
(36,2) 36
(37,1) 36
(1,38) 37
(2,37) 37
(3,36) 37
(4,35) 37
(5,34) 37
(6,33) 37
(7,32) 37
(8,31) 37
(9,30) 37
(10,29) 37
(11,28) 37
(12,27) 37
(13,26) 37
(14,25) 37
(15,24) 37
(16,23) 37
(17,22) 37
(18,21) 37
(19,20) 37
(20,19) 37
(21,18) 37
(22,17) 37
(23,16) 37
(24,15) 37
(25,14) 37
(26,13) 37
(27,12) 37
(28,11) 37
(29,10) 37
(30,9) 37
(31,8) 37
(32,7) 37
(33,6) 37
(34,5) 37
(35,4) 37
(36,3) 37
(37,2) 37
(38,1) 37
(1,39) 38
(2,38) 38
(3,37) 38
(4,36) 38
(5,35) 38
(6,34) 38
(7,33) 38
(8,32) 38
(9,31) 38
(10,30) 38
(11,29) 38
(12,28) 38
(13,27) 38
(14,26) 38
(15,25) 38
(16,24) 38
(17,23) 38
(18,22) 38
(19,21) 38
(20,20) 38
(21,19) 38
(22,18) 38
(23,17) 38
(24,16) 38
(25,15) 38
(26,14) 38
(27,13) 38
(28,12) 38
(29,11) 38
(30,10) 38
(31,9) 38
(32,8) 38
(33,7) 38
(34,6) 38
(35,5) 38
(36,4) 38
(37,3) 38
(38,2) 38
(39,1) 38
(1,40) 39
(2,39) 39
(3,38) 39
(4,37) 39
(5,36) 39
(6,35) 39
(7,34) 39
(8,33) 39
(9,32) 39
(10,31) 39
(11,30) 39
(12,29) 39
(13,28) 39
(14,27) 39
(15,26) 39
(16,25) 39
(17,24) 39
(18,23) 39
(19,22) 39
(20,21) 39
(21,20) 39
(22,19) 39
(23,18) 39
(24,17) 39
(25,16) 39
(26,15) 39
(27,14) 39
(28,13) 39
(29,12) 39
(30,11) 39
(31,10) 39
(32,9) 39
(33,8) 39
(34,7) 39
(35,6) 39
(36,5) 39
(37,4) 39
(38,3) 39
(39,2) 39
(40,1) 39
(1,41) 40
(2,40) 40
(3,39) 40
(4,38) 40
(5,37) 40
(6,36) 40
(7,35) 40
(8,34) 40
(9,33) 40
(10,32) 40
(11,31) 40
(12,30) 40
(13,29) 40
(14,28) 40
(15,27) 40
(16,26) 40
(17,25) 40
(18,24) 40
(19,23) 40
(20,22) 40
(21,21) 40
(22,20) 40
(23,19) 40
(24,18) 40
(25,17) 40
(26,16) 40
(27,15) 40
(28,14) 40
(29,13) 40
(30,12) 40
(31,11) 40
(32,10) 40
(33,9) 40
(34,8) 40
(35,7) 40
(36,6) 40
(37,5) 40
(38,4) 40
(39,3) 40
(40,2) 40
(41,1) 40
(1,42) 41
(2,41) 41
(3,40) 41
(4,39) 41
(5,38) 41
(6,37) 41
(7,36) 41
(8,35) 41
(9,34) 41
(10,33) 41
(11,32) 41
(12,31) 41
(13,30) 41
(14,29) 41
(15,28) 41
(16,27) 41
(17,26) 41
(18,25) 41
(19,24) 41
(20,23) 41
(21,22) 41
(22,21) 41
(23,20) 41
(24,19) 41
(25,18) 41
(26,17) 41
(27,16) 41
(28,15) 41
(29,14) 41
(30,13) 41
(31,12) 41
(32,11) 41
(33,10) 41
(34,9) 41
(35,8) 41
(36,7) 41
(37,6) 41
(38,5) 41
(39,4) 41
(40,3) 41
(41,2) 41
(42,1) 41
(1,43) 42
(2,42) 42
(3,41) 42
(4,40) 42
(5,39) 42
(6,38) 42
(7,37) 42
(8,36) 42
(9,35) 42
(10,34) 42
(11,33) 42
(12,32) 42
(13,31) 42
(14,30) 42
(15,29) 42
(16,28) 42
(17,27) 42
(18,26) 42
(19,25) 42
(20,24) 42
(21,23) 42
(22,22) 42
(23,21) 42
(24,20) 42
(25,19) 42
(26,18) 42
(27,17) 42
(28,16) 42
(29,15) 42
(30,14) 42
(31,13) 42
(32,12) 42
(33,11) 42
(34,10) 42
(35,9) 42
(36,8) 42
(37,7) 42
(38,6) 42
(39,5) 42
(40,4) 42
(41,3) 42
(42,2) 42
(43,1) 42
(1,44) 43
(2,43) 43
(3,42) 43
(4,41) 43
(5,40) 43
(6,39) 43
(7,38) 43
(8,37) 43
(9,36) 43
(10,35) 43
(11,34) 43
(12,33) 43
(13,32) 43
(14,31) 43
(15,30) 43
(16,29) 43
(17,28) 43
(18,27) 43
(19,26) 43
(20,25) 43
(21,24) 43
(22,23) 43
(23,22) 43
(24,21) 43
(25,20) 43
(26,19) 43
(27,18) 43
(28,17) 43
(29,16) 43
(30,15) 43
(31,14) 43
(32,13) 43
(33,12) 43
(34,11) 43
(35,10) 43
(36,9) 43
(37,8) 43
(38,7) 43
(39,6) 43
(40,5) 43
(41,4) 43
(42,3) 43
(43,2) 43
(44,1) 43
(2,44) 44
(10,36) 44
(19,27) 44
(27,19) 44
(35,11) 44
(36,10) 44
(37,9) 44
(38,8) 44
(39,7) 44
(40,6) 44
(41,5) 44
(42,4) 44
(43,3) 44
(44,2) 44
(45,1) 44
(1111638594,1111638594) 44
(1111638594,1111638594) 44
(1111638594,35) 44
(2,45) 45
(11,36) 45
(19,28) 45
(27,20) 45
(36,11) 45
(1111638594,1111638594) 45
(1111638594,44) 45
(1111638594,19) 45
(7,41) 46
(15,33) 46
(24,24) 46
(32,16) 46
(1111638594,1111638594) 46
(1111638594,1111638594) 46
(1111638594,32) 46
(8,41) 47
(16,33) 47
(24,25) 47
(33,16) 47
(1111638594,1111638594) 47
(1111638594,24) 47
(5,45) 48
(14,36) 48
(22,28) 48
(30,20) 48
(1111638594,1111638594) 48
(1111638594,44) 48
(1111638594,19) 48
(8,43) 49
(17,34) 49
(25,26) 49
(1111638594,1111638594) 49
(1111638594,1111638594) 49
(1111638594,42) 49
(1,51) 50
(9,43) 50
(18,34) 50
(26,26) 50
(1111638594,1111638594) 50
(1111638594,42) 50
(8,45) 51
(17,36) 51
(1111638594,1111638594) 51
(1111638594,44) 51
(5,49) 52
(14,40) 52
(22,32) 52
(1111638594,48) 52
(9,46) 53
(17,38) 53
(1111638594,1111638594) 53
(1111638594,54) 53
(3,53) 54
(11,45) 54
(19,37) 54
(1111638594,1111638594) 54
(4,53) 55
(12,45) 55
(1111638594,1111638594) 55
(1111638594,44) 55
(3,55) 56
(12,46) 56
(1111638594,54) 56
(2,57) 57
(10,49) 57
(1111638594,1111638594) 57
(8,52) 58
(1111638594,1111638594) 58
(1111638594,51) 58
(6,55) 59
(14,47) 59
(2,60) 60
(10,52) 60
(1111638594,1111638594) 60
(1111638594,51) 60
(7,56) 61
(2,62) 62
(10,54) 62
(1111638594,1111638594) 62
(1111638594,53) 62
(6,59) 63
(8,58) 64
(1111638594,1111638594) 64
(1111638594,57) 64
(3,64) 65
(11,56) 65
(4,64) 66
(1111638594,63) 66
(6,63) 67
(1111638594,1111638594) 67
(8,62) 68
(1,70) 69
(9,62) 69
(1111638594,1111638594) 69
(1111638594,61) 69
(3,69) 70
(3,70) 71
(1111638594,69) 71
(4,70) 72
(1111638594,1111638594) 72
(6,69) 73
(7,69) 74
(1111638594,68) 74
(8,69) 75
(1111638594,1111638594) 75
(9,69) 76
(1111638594,77) 76
(2,77) 77
(17,62) 77
(1111638594,1111638594) 77
(4,76) 78
(4,77) 79
(1111638594,76) 79
(4,78) 80
(1111638594,1111638594) 80
(3,80) 81
(8,77) 83
(1111638594,76) 83
(1111638594,1111638594) 84
(10,77) 85
(10,79) 87
(12,80) 90
(1111638594,79) 90
(1111638594,1111638594) 96
(19,80) 97
(77,62) 137
(1,1111638594) 1111638594
(1,1111638594) 1111638594
(1,1111638594) 1111638594
(1,1111638594) 1111638594
(1,58) 1111638594
(2,70) 1111638594
(2,65) 1111638594
(2,54) 1111638594
(3,1111638594) 1111638594
(3,1111638594) 1111638594
(3,1111638594) 1111638594
(3,77) 1111638594
(5,1111638594) 1111638594
(5,70) 1111638594
(5,60) 1111638594
(5,56) 1111638594
(6,1111638594) 1111638594
(6,57) 1111638594
(7,1111638594) 1111638594
(7,63) 1111638594
(7,42) 1111638594
(8,70) 1111638594
(8,47) 1111638594
(9,1111638594) 1111638594
(9,1111638594) 1111638594
(9,80) 1111638594
(9,75) 1111638594
(10,1111638594) 1111638594
(10,1111638594) 1111638594
(10,1111638594) 1111638594
(10,37) 1111638594
(11,47) 1111638594
(13,1111638594) 1111638594
(13,41) 1111638594
(13,37) 1111638594
(15,1111638594) 1111638594
(16,1111638594) 1111638594
(16,37) 1111638594
(16,35) 1111638594
(17,35) 1111638594
(18,1111638594) 1111638594
(18,28) 1111638594
(20,1111638594) 1111638594
(21,1111638594) 1111638594
(21,1111638594) 1111638594
(23,25) 1111638594
(24,1111638594) 1111638594
(24,1111638594) 1111638594
(25,1111638594) 1111638594
(26,1111638594) 1111638594
(31,1111638594) 1111638594
(32,17) 1111638594
(35,12) 1111638594
(1111638594,1111638594) 1111638594
(1111638594,1111638594) 1111638594
(1111638594,1111638594) 1111638594
(1111638594,1111638594) 1111638594
(1111638594,1111638594) 1111638594
(1111638594,1111638594) 1111638594
(1111638594,1111638594) 1111638594
(1111638594,1111638594) 1111638594
(1111638594,1111638594) 1111638594
(1111638594,1111638594) 1111638594
(1111638594,1111638594) 1111638594
(1111638594,1111638594) 1111638594
(1111638594,1111638594) 1111638594
(1111638594,1111638594) 1111638594
(1111638594,1111638594) 1111638594
(1111638594,1111638594) 1111638594
(1111638594,1111638594) 1111638594
(1111638594,1111638594) 1111638594
(1111638594,1111638594) 1111638594
(1111638594,1111638594) 1111638594
(1111638594,1111638594) 1111638594
(1111638594,1111638594) 1111638594
(1111638594,1111638594) 1111638594
(1111638594,1111638594) 1111638594
(1111638594,1111638594) 1111638594
(1111638594,1111638594) 1111638594
(1111638594,1111638594) 1111638594
(1111638594,1111638594) 1111638594
(1111638594,1111638594) 1111638594
(1111638594,1111638594) 1111638594
(1111638594,1111638594) 1111638594
(1111638594,1111638594) 1111638594
(1111638594,1111638594) 1111638594
(1111638594,1111638594) 1111638594
(1111638594,1111638594) 1111638594
(1111638594,1111638594) 1111638594
(1111638594,1111638594) 1111638594
(1111638594,1111638594) 1111638594
(1111638594,1111638594) 1111638594
(1111638594,1111638594) 1111638594
(1111638594,1111638594) 1111638594
(1111638594,1111638594) 1111638594
(1111638594,1111638594) 1111638594
(1111638594,1111638594) 1111638594
(1111638594,1111638594) 1111638594
(1111638594,1111638594) 1111638594
(1111638594,1111638594) 1111638594
(1111638594,1111638594) 1111638594
(1111638594,1111638594) 1111638594
(1111638594,1111638594) 1111638594
(1111638594,1111638594) 1111638594
(1111638594,1111638594) 1111638594
(1111638594,1111638594) 1111638594
(1111638594,1111638594) 1111638594
(1111638594,1111638594) 1111638594
(1111638594,1111638594) 1111638594
(1111638594,1111638594) 1111638594
(1111638594,1111638594) 1111638594
(1111638594,1111638594) 1111638594
(1111638594,1111638594) 1111638594
(1111638594,1111638594) 1111638594
(1111638594,1111638594) 1111638594
(1111638594,1111638594) 1111638594
(1111638594,1111638594) 1111638594
(1111638594,1111638594) 1111638594
(1111638594,1111638594) 1111638594
(1111638594,1111638594) 1111638594
(1111638594,1111638594) 1111638594
(1111638594,1111638594) 1111638594
(1111638594,1111638594) 1111638594
(1111638594,1111638594) 1111638594
(1111638594,1111638594) 1111638594
(1111638594,1111638594) 1111638594
(1111638594,1111638594) 1111638594
(1111638594,1111638594) 1111638594
(1111638594,1111638594) 1111638594
(1111638594,1111638594) 1111638594
(1111638594,1111638594) 1111638594
(1111638594,1111638594) 1111638594
(1111638594,1111638594) 1111638594
(1111638594,1111638594) 1111638594
(1111638594,1111638594) 1111638594
(1111638594,1111638594) 1111638594
(1111638594,1111638594) 1111638594
(1111638594,1111638594) 1111638594
(1111638594,1111638594) 1111638594
(1111638594,1111638594) 1111638594
(1111638594,1111638594) 1111638594
(1111638594,1111638594) 1111638594
(1111638594,1111638594) 1111638594
(1111638594,1111638594) 1111638594
(1111638594,1111638594) 1111638594
(1111638594,1111638594) 1111638594
(1111638594,1111638594) 1111638594
(1111638594,1111638594) 1111638594
(1111638594,1111638594) 1111638594
(1111638594,1111638594) 1111638594
(1111638594,1111638594) 1111638594
(1111638594,1111638594) 1111638594
(1111638594,1111638594) 1111638594
(1111638594,1111638594) 1111638594
(1111638594,1111638594) 1111638594
(1111638594,1111638594) 1111638594
(1111638594,1111638594) 1111638594
(1111638594,1111638594) 1111638594
(1111638594,1111638594) 1111638594
(1111638594,1111638594) 1111638594
(1111638594,1111638594) 1111638594
(1111638594,1111638594) 1111638594
(1111638594,1111638594) 1111638594
(1111638594,1111638594) 1111638594
(1111638594,1111638594) 1111638594
(1111638594,1111638594) 1111638594
(1111638594,1111638594) 1111638594
(1111638594,1111638594) 1111638594
(1111638594,1111638594) 1111638594
(1111638594,1111638594) 1111638594
(1111638594,1111638594) 1111638594
(1111638594,1111638594) 1111638594
(1111638594,1111638594) 1111638594
(1111638594,1111638594) 1111638594
(1111638594,1111638594) 1111638594
(1111638594,1111638594) 1111638594
(1111638594,1111638594) 1111638594
(1111638594,1111638594) 1111638594
(1111638594,1111638594) 1111638594
(1111638594,1111638594) 1111638594
(1111638594,1111638594) 1111638594
(1111638594,1111638594) 1111638594
(1111638594,1111638594) 1111638594
(1111638594,1111638594) 1111638594
(1111638594,1111638594) 1111638594
(1111638594,1111638594) 1111638594
(1111638594,1111638594) 1111638594
(1111638594,1111638594) 1111638594
(1111638594,1111638594) 1111638594
(1111638594,1111638594) 1111638594
(1111638594,1111638594) 1111638594
(1111638594,1111638594) 1111638594
(1111638594,1111638594) 1111638594
(1111638594,1111638594) 1111638594
(1111638594,1111638594) 1111638594
(1111638594,1111638594) 1111638594
(1111638594,1111638594) 1111638594
(1111638594,1111638594) 1111638594
(1111638594,1111638594) 1111638594
(1111638594,1111638594) 1111638594
(1111638594,1111638594) 1111638594
(1111638594,1111638594) 1111638594
(1111638594,1111638594) 1111638594
(1111638594,1111638594) 1111638594
(1111638594,1111638594) 1111638594
(1111638594,1111638594) 1111638594
(1111638594,1111638594) 1111638594
(1111638594,1111638594) 1111638594
(1111638594,1111638594) 1111638594
(1111638594,1111638594) 1111638594
(1111638594,1111638594) 1111638594
(1111638594,1111638594) 1111638594
(1111638594,1111638594) 1111638594
(1111638594,1111638594) 1111638594
(1111638594,1111638594) 1111638594
(1111638594,1111638594) 1111638594
(1111638594,1111638594) 1111638594
(1111638594,1111638594) 1111638594
(1111638594,1111638594) 1111638594
(1111638594,1111638594) 1111638594
(1111638594,1111638594) 1111638594
(1111638594,1111638594) 1111638594
(1111638594,1111638594) 1111638594
(1111638594,1111638594) 1111638594
(1111638594,1111638594) 1111638594
(1111638594,1111638594) 1111638594
(1111638594,1111638594) 1111638594
(1111638594,1111638594) 1111638594
(1111638594,1111638594) 1111638594
(1111638594,1111638594) 1111638594
(1111638594,1111638594) 1111638594
(1111638594,1111638594) 1111638594
(1111638594,1111638594) 1111638594
(1111638594,1111638594) 1111638594
(1111638594,1111638594) 1111638594
(1111638594,1111638594) 1111638594
(1111638594,1111638594) 1111638594
(1111638594,1111638594) 1111638594
(1111638594,1111638594) 1111638594
(1111638594,1111638594) 1111638594
(1111638594,1111638594) 1111638594
(1111638594,1111638594) 1111638594
(1111638594,1111638594) 1111638594
(1111638594,1111638594) 1111638594
(1111638594,1111638594) 1111638594
(1111638594,1111638594) 1111638594
(1111638594,1111638594) 1111638594
(1111638594,1111638594) 1111638594
(1111638594,1111638594) 1111638594
(1111638594,1111638594) 1111638594
(1111638594,1111638594) 1111638594
(1111638594,1111638594) 1111638594
(1111638594,1111638594) 1111638594
(1111638594,1111638594) 1111638594
(1111638594,1111638594) 1111638594
(1111638594,1111638594) 1111638594
(1111638594,1111638594) 1111638594
(1111638594,1111638594) 1111638594
(1111638594,1111638594) 1111638594
(1111638594,1111638594) 1111638594
(1111638594,1111638594) 1111638594
(1111638594,1111638594) 1111638594
(1111638594,1111638594) 1111638594
(1111638594,1111638594) 1111638594
(1111638594,1111638594) 1111638594
(1111638594,1111638594) 1111638594
(1111638594,1111638594) 1111638594
(1111638594,1111638594) 1111638594
(1111638594,1111638594) 1111638594
(1111638594,1111638594) 1111638594
(1111638594,1111638594) 1111638594
(1111638594,1111638594) 1111638594
(1111638594,1111638594) 1111638594
(1111638594,1111638594) 1111638594
(1111638594,1111638594) 1111638594
(1111638594,1111638594) 1111638594
(1111638594,1111638594) 1111638594
(1111638594,1111638594) 1111638594
(1111638594,1111638594) 1111638594
(1111638594,1111638594) 1111638594
(1111638594,1111638594) 1111638594
(1111638594,1111638594) 1111638594
(1111638594,1111638594) 1111638594
(1111638594,1111638594) 1111638594
(1111638594,1111638594) 1111638594
(1111638594,1111638594) 1111638594
(1111638594,1111638594) 1111638594
(1111638594,1111638594) 1111638594
(1111638594,1111638594) 1111638594
(1111638594,1111638594) 1111638594
(1111638594,1111638594) 1111638594
(1111638594,1111638594) 1111638594
(1111638594,1111638594) 1111638594
(1111638594,1111638594) 1111638594
(1111638594,1111638594) 1111638594
(1111638594,1111638594) 1111638594
(1111638594,1111638594) 1111638594
(1111638594,1111638594) 1111638594
(1111638594,1111638594) 1111638594
(1111638594,1111638594) 1111638594
(1111638594,1111638594) 1111638594
(1111638594,1111638594) 1111638594
(1111638594,1111638594) 1111638594
(1111638594,1111638594) 1111638594
(1111638594,1111638594) 1111638594
(1111638594,1111638594) 1111638594
(1111638594,1111638594) 1111638594
(1111638594,1111638594) 1111638594
(1111638594,1111638594) 1111638594
(1111638594,1111638594) 1111638594
(1111638594,1111638594) 1111638594
(1111638594,1111638594) 1111638594
(1111638594,1111638594) 1111638594
(1111638594,1111638594) 1111638594
(1111638594,1111638594) 1111638594
(1111638594,1111638594) 1111638594
(1111638594,1111638594) 1111638594
(1111638594,1111638594) 1111638594
(1111638594,1111638594) 1111638594
(1111638594,1111638594) 1111638594
(1111638594,1111638594) 1111638594
(1111638594,1111638594) 1111638594
(1111638594,1111638594) 1111638594
(1111638594,1111638594) 1111638594
(1111638594,1111638594) 1111638594
(1111638594,1111638594) 1111638594
(1111638594,1111638594) 1111638594
(1111638594,1111638594) 1111638594
(1111638594,1111638594) 1111638594
(1111638594,1111638594) 1111638594
(1111638594,1111638594) 1111638594
(1111638594,1111638594) 1111638594
(1111638594,1111638594) 1111638594
(1111638594,1111638594) 1111638594
(1111638594,1111638594) 1111638594
(1111638594,1111638594) 1111638594
(1111638594,1111638594) 1111638594
(1111638594,1111638594) 1111638594
(1111638594,1111638594) 1111638594
(1111638594,1111638594) 1111638594
(1111638594,1111638594) 1111638594
(1111638594,1111638594) 1111638594
(1111638594,1111638594) 1111638594
(1111638594,1111638594) 1111638594
(1111638594,1111638594) 1111638594
(1111638594,1111638594) 1111638594
(1111638594,1111638594) 1111638594
(1111638594,1111638594) 1111638594
(1111638594,1111638594) 1111638594
(1111638594,1111638594) 1111638594
(1111638594,1111638594) 1111638594
(1111638594,1111638594) 1111638594
(1111638594,1111638594) 1111638594
(1111638594,1111638594) 1111638594
(1111638594,1111638594) 1111638594
(1111638594,1111638594) 1111638594
(1111638594,1111638594) 1111638594
(1111638594,1111638594) 1111638594
(1111638594,1111638594) 1111638594
(1111638594,1111638594) 1111638594
(1111638594,1111638594) 1111638594
(1111638594,1111638594) 1111638594
(1111638594,1111638594) 1111638594
(1111638594,1111638594) 1111638594
(1111638594,1111638594) 1111638594
(1111638594,1111638594) 1111638594
(1111638594,1111638594) 1111638594
(1111638594,1111638594) 1111638594
(1111638594,1111638594) 1111638594
(1111638594,1111638594) 1111638594
(1111638594,1111638594) 1111638594
(1111638594,1111638594) 1111638594
(1111638594,1111638594) 1111638594
(1111638594,1111638594) 1111638594
(1111638594,1111638594) 1111638594
(1111638594,1111638594) 1111638594
(1111638594,1111638594) 1111638594
(1111638594,1111638594) 1111638594
(1111638594,1111638594) 1111638594
(1111638594,1111638594) 1111638594
(1111638594,1111638594) 1111638594
(1111638594,1111638594) 1111638594
(1111638594,1111638594) 1111638594
(1111638594,1111638594) 1111638594
(1111638594,1111638594) 1111638594
(1111638594,1111638594) 1111638594
(1111638594,1111638594) 1111638594
(1111638594,1111638594) 1111638594
(1111638594,1111638594) 1111638594
(1111638594,1111638594) 1111638594
(1111638594,1111638594) 1111638594
(1111638594,1111638594) 1111638594
(1111638594,1111638594) 1111638594
(1111638594,1111638594) 1111638594
(1111638594,1111638594) 1111638594
(1111638594,1111638594) 1111638594
(1111638594,1111638594) 1111638594
(1111638594,1111638594) 1111638594
(1111638594,1111638594) 1111638594
(1111638594,1111638594) 1111638594
(1111638594,1111638594) 1111638594
(1111638594,1111638594) 1111638594
(1111638594,1111638594) 1111638594
(1111638594,1111638594) 1111638594
(1111638594,1111638594) 1111638594
(1111638594,1111638594) 1111638594
(1111638594,1111638594) 1111638594
(1111638594,1111638594) 1111638594
(1111638594,1111638594) 1111638594
(1111638594,1111638594) 1111638594
(1111638594,1111638594) 1111638594
(1111638594,1111638594) 1111638594
(1111638594,1111638594) 1111638594
(1111638594,1111638594) 1111638594
(1111638594,1111638594) 1111638594
(1111638594,1111638594) 1111638594
(1111638594,1111638594) 1111638594
(1111638594,1111638594) 1111638594
(1111638594,1111638594) 1111638594
(1111638594,1111638594) 1111638594
(1111638594,1111638594) 1111638594
(1111638594,1111638594) 1111638594
(1111638594,1111638594) 1111638594
(1111638594,1111638594) 1111638594
(1111638594,1111638594) 1111638594
(1111638594,1111638594) 1111638594
(1111638594,1111638594) 1111638594
(1111638594,1111638594) 1111638594
(1111638594,1111638594) 1111638594
(1111638594,1111638594) 1111638594
(1111638594,1111638594) 1111638594
(1111638594,1111638594) 1111638594
(1111638594,1111638594) 1111638594
(1111638594,1111638594) 1111638594
(1111638594,1111638594) 1111638594
(1111638594,1111638594) 1111638594
(1111638594,1111638594) 1111638594
(1111638594,1111638594) 1111638594
(1111638594,1111638594) 1111638594
(1111638594,1111638594) 1111638594
(1111638594,1111638594) 1111638594
(1111638594,1111638594) 1111638594
(1111638594,1111638594) 1111638594
(1111638594,1111638594) 1111638594
(1111638594,1111638594) 1111638594
(1111638594,1111638594) 1111638594
(1111638594,1111638594) 1111638594
(1111638594,1111638594) 1111638594
(1111638594,1111638594) 1111638594
(1111638594,1111638594) 1111638594
(1111638594,1111638594) 1111638594
(1111638594,1111638594) 1111638594
(1111638594,1111638594) 1111638594
(1111638594,1111638594) 1111638594
(1111638594,1111638594) 1111638594
(1111638594,1111638594) 1111638594
(1111638594,1111638594) 1111638594
(1111638594,1111638594) 1111638594
(1111638594,1111638594) 1111638594
(1111638594,1111638594) 1111638594
(1111638594,1111638594) 1111638594
(1111638594,1111638594) 1111638594
(1111638594,1111638594) 1111638594
(1111638594,1111638594) 1111638594
(1111638594,1111638594) 1111638594
(1111638594,1111638594) 1111638594
(1111638594,1111638594) 1111638594
(1111638594,1111638594) 1111638594
(1111638594,1111638594) 1111638594
(1111638594,1111638594) 1111638594
(1111638594,1111638594) 1111638594
(1111638594,1111638594) 1111638594
(1111638594,1111638594) 1111638594
(1111638594,1111638594) 1111638594
(1111638594,1111638594) 1111638594
(1111638594,1111638594) 1111638594
(1111638594,1111638594) 1111638594
(1111638594,1111638594) 1111638594
(1111638594,1111638594) 1111638594
(1111638594,1111638594) 1111638594
(1111638594,1111638594) 1111638594
(1111638594,1111638594) 1111638594
(1111638594,1111638594) 1111638594
(1111638594,1111638594) 1111638594
(1111638594,1111638594) 1111638594
(1111638594,1111638594) 1111638594
(1111638594,1111638594) 1111638594
(1111638594,1111638594) 1111638594
(1111638594,1111638594) 1111638594
(1111638594,1111638594) 1111638594
(1111638594,1111638594) 1111638594
(1111638594,1111638594) 1111638594
(1111638594,1111638594) 1111638594
(1111638594,1111638594) 1111638594
(1111638594,1111638594) 1111638594
(1111638594,1111638594) 1111638594
(1111638594,1111638594) 1111638594
(1111638594,1111638594) 1111638594
(1111638594,1111638594) 1111638594
(1111638594,1111638594) 1111638594
(1111638594,1111638594) 1111638594
(1111638594,1111638594) 1111638594
(1111638594,1111638594) 1111638594
(1111638594,1111638594) 1111638594
(1111638594,1111638594) 1111638594
(1111638594,1111638594) 1111638594
(1111638594,1111638594) 1111638594
(1111638594,1111638594) 1111638594
(1111638594,1111638594) 1111638594
(1111638594,1111638594) 1111638594
(1111638594,1111638594) 1111638594
(1111638594,1111638594) 1111638594
(1111638594,1111638594) 1111638594
(1111638594,1111638594) 1111638594
(1111638594,1111638594) 1111638594
(1111638594,1111638594) 1111638594
(1111638594,1111638594) 1111638594
(1111638594,1111638594) 1111638594
(1111638594,1111638594) 1111638594
(1111638594,1111638594) 1111638594
(1111638594,1111638594) 1111638594
(1111638594,1111638594) 1111638594
(1111638594,1111638594) 1111638594
(1111638594,1111638594) 1111638594
(1111638594,1111638594) 1111638594
(1111638594,1111638594) 1111638594
(1111638594,1111638594) 1111638594
(1111638594,1111638594) 1111638594
(1111638594,1111638594) 1111638594
(1111638594,1111638594) 1111638594
(1111638594,1111638594) 1111638594
(1111638594,1111638594) 1111638594
(1111638594,1111638594) 1111638594
