7301647.500
1644705.167
2333682.833
4789161.833
8268696.833
6299696.667
16482992.000
14317991.667
11233115.833
10964174.667
10182232.167
16159846.167
14588205.333
4047193.333
5273138.333
363741.667
3809418.833
3943204.833
15304997.667
7584771.167
1333229.833
12049528.500
16189649.500
5898375.833
1087037.000
7529761.333
8129992.500
10671335.167
2554292.833
4711035.667
13260281.833
6123044.833
14691825.167
6565439.167
13793550.000
3343011.833
6044419.667
9779116.000
5565465.500
15706750.000
13518290.167
2498223.833
14814296.667
13336175.500
2146533.667
4696871.833
5242699.167
6886311.500
9630560.500
1984603.000
6582557.167
11112923.667
5556588.333
3211605.500
11663107.167
9443206.500
12696886.333
15361905.167
3141710.167
8457769.167
1106763.833
5104230.833
12605064.833
10559575.833
10661598.333
5643299.000
14081258.833
11529993.000
12127904.167
7962334.000
4111068.333
