15740749.000
3411084.167
6945966.000
16081200.500
10051928.000
7803746.667
6772513.667
3040716.500
6731788.667
2148763.000
12507313.667
14888097.500
7610856.167
1884824.833
15981956.500
6966666.333
12332532.167
3069829.000
6849794.333
2346171.833
8596000.500
16153902.500
6820753.833
7971712.167
3135497.833
11969343.667
12588375.500
8472038.333
9741142.333
6959736.833
13876503.167
12852138.000
2847148.667
10334394.500
523349.667
7323608.333
5355298.000
4537842.667
14520776.667
6008336.667
1572808.500
5806620.000
10060322.667
4683929.667
12289527.333
14864497.667
8761980.667
2956883.667
5608324.000
11421611.167
3367962.167
4705023.167
12513695.167
12171571.000
7198979.333
2449773.333
5056095.333
10666612.500
6530006.000
14276082.000
16197328.000
11971408.500
9336740.333
5572510.333
13533576.500
1495433.667
4169858.500
15795333.000
7708423.167
8209087.333
7925336.667
12135814.167
7061654.333
7353338.833
10309043.000
4234738.167
8379714.667
4537623.667
13174360.000
14488153.500
15498912.667
5197186.833
9419720.167
9664392.333
1909515.500
