7481385.000
6072295.333
2574136.333
2373904.667
854182.167
11258432.833
14147941.000
3369688.833
5575084.000
16204357.333
10309817.500
1775801.833
5333669.500
3399297.167
15121244.000
8893541.333
6989555.333
15110994.167
15992153.667
10087930.333
5542963.667
2766559.167
9985889.167
3980465.333
15199647.500
15612654.167
6032655.000
2997966.667
12814379.167
14966769.000
4858987.167
15357372.167
1263255.667
16226213.167
11608272.167
7073512.833
9046389.167
15083795.667
7935883.667
13994378.000
14643906.667
13026902.167
8838496.167
1999719.000
4797289.167
10948012.167
11573989.833
3907897.667
16450423.500
3401682.667
2959762.000
8596593.500
8055912.833
12741436.333
8833317.333
5599092.000
4476359.500
2610666.000
13537917.500
9155493.833
11913608.000
3777080.167
3707803.167
7847771.833
8428817.333
13828622.000
16065258.833
14121982.333
14300767.833
11210470.500
8642825.333
13115718.833
10590745.333
6388309.833
12537723.833
5590396.500
9052650.167
1672073.333
13832222.667
15076384.667
11088656.667
476077.333
5195763.167
5086265.667
2934672.833
3315882.000
15826037.333
13077127.167
4720406.500
8000055.667
13907112.167
3018693.333
4991091.500
7127544.000
1797832.167
15918360.167
13317181.500
2368469.333
2589130.333
